<?xml version="1.0" encoding="UTF-8"?>
<!-- Generated by org.testng.reporters.JUnitXMLReporter -->
<testsuite hostname="DESKTOP-0P7RLK5" name="Testng.xml" tests="16" failures="0" timestamp="9 Oct 2020 10:52:45 GMT" time="0.136" errors="0">
  <testcase name="mathod3" time="0.009" classname="Testng.ClassD"/>
  <testcase name="mathod5" time="0.003" classname="Testng.ClassD"/>
  <testcase name="mathod3" time="0.001" classname="Testng.ClassT"/>
  <testcase name="mathod5" time="0.003" classname="Testng.ClassT"/>
  <testcase name="mathod3" time="0.002" classname="Testng.ClassE"/>
  <testcase name="mathod5" time="0.004" classname="Testng.ClassE"/>
  <testcase name="mathod3" time="0.012" classname="Testng.ClassA"/>
  <testcase name="mathod9" time="0.002" classname="Testng.ClassA"/>
  <testcase name="mathod5" time="0.002" classname="Testng.ClassA"/>
  <testcase name="mathod6" time="0.001" classname="Testng.ClassA"/>
  <testcase name="mathod7" time="0.003" classname="Testng.ClassA"/>
  <testcase name="mathod3" time="0.003" classname="Testng.ClassB"/>
  <testcase name="mathod9" time="0.006" classname="Testng.ClassB"/>
  <testcase name="mathod5" time="0.002" classname="Testng.ClassB"/>
  <testcase name="mathod6" time="0.001" classname="Testng.ClassB"/>
  <testcase name="mathod7" time="0.001" classname="Testng.ClassB"/>
</testsuite> <!-- Testng.xml -->
