<?xml version="1.0" encoding="UTF-8"?>
<!-- Generated by org.testng.reporters.JUnitXMLReporter -->
<testsuite hostname="DESKTOP-0P7RLK5" name="Test" tests="16" failures="0" timestamp="23 Mar 2021 09:39:50 GMT" time="0.19" errors="0">
  <testcase name="mathod3" time="0.011" classname="Testng.ClassA"/>
  <testcase name="mathod9" time="0.005" classname="Testng.ClassA"/>
  <testcase name="mathod5" time="0.004" classname="Testng.ClassA"/>
  <testcase name="mathod6" time="0.002" classname="Testng.ClassA"/>
  <testcase name="mathod7" time="0.005" classname="Testng.ClassA"/>
  <testcase name="mathod3" time="0.01" classname="Testng.ClassB"/>
  <testcase name="mathod9" time="0.007" classname="Testng.ClassB"/>
  <testcase name="mathod5" time="0.002" classname="Testng.ClassB"/>
  <testcase name="mathod6" time="0.004" classname="Testng.ClassB"/>
  <testcase name="mathod7" time="0.003" classname="Testng.ClassB"/>
  <testcase name="mathod3" time="0.004" classname="Testng.ClassD"/>
  <testcase name="mathod5" time="0.003" classname="Testng.ClassD"/>
  <testcase name="mathod3" time="0.004" classname="Testng.ClassE"/>
  <testcase name="mathod5" time="0.004" classname="Testng.ClassE"/>
  <testcase name="mathod3" time="0.002" classname="Testng.ClassT"/>
  <testcase name="mathod5" time="0.002" classname="Testng.ClassT"/>
</testsuite> <!-- Test -->
