<?xml version="1.0" encoding="UTF-8"?>
<!-- Generated by org.testng.reporters.JUnitXMLReporter -->
<testsuite hostname="DESKTOP-0P7RLK5" name="xmltest2" tests="10" failures="0" timestamp="8 Jan 2021 06:38:26 GMT" time="0.169" errors="0">
  <testcase name="mathod3" time="0.005" classname="TestngGroups.Groupclass"/>
  <testcase name="mathod5" time="0.003" classname="TestngGroups.Groupclass"/>
  <testcase name="mathod4" time="0.002" classname="TestngGroups.Groupclass"/>
  <testcase name="mathod6" time="0.005" classname="TestngGroups.Groupclass"/>
  <testcase name="mathod3" time="0.005" classname="TestngGroups.ClassA"/>
  <testcase name="mathod5" time="0.004" classname="TestngGroups.ClassA"/>
  <testcase name="mathod6" time="0.01" classname="TestngGroups.ClassA"/>
  <testcase name="mathod7" time="0.017" classname="TestngGroups.ClassA"/>
  <testcase name="mathod10" time="0.002" classname="TestngGroups.ClassA"/>
  <testcase name="mathod9" time="0.002" classname="TestngGroups.ClassA"/>
</testsuite> <!-- xmltest2 -->
