<?xml version="1.0" encoding="UTF-8"?>
<testng-results skipped="0" failed="0" total="16" passed="16">
  <reporter-output>
  </reporter-output>
  <suite name="Suite" duration-ms="190" started-at="2021-03-23T09:39:50Z" finished-at="2021-03-23T09:39:50Z">
    <groups>
    </groups>
    <test name="Test" duration-ms="190" started-at="2021-03-23T09:39:50Z" finished-at="2021-03-23T09:39:50Z">
      <class name="Testng.ClassD">
        <test-method status="PASS" signature="mathod2()[pri:0, instance:Testng.ClassD@27c20538]" name="mathod2" is-config="true" duration-ms="0" started-at="2021-03-23T15:09:50Z" finished-at="2021-03-23T15:09:50Z">
          <reporter-output>
          </reporter-output>
        </test-method> <!-- mathod2 -->
        <test-method status="PASS" signature="mathod4()[pri:0, instance:Testng.ClassD@27c20538]" name="mathod4" is-config="true" duration-ms="2" started-at="2021-03-23T15:09:50Z" finished-at="2021-03-23T15:09:50Z">
          <reporter-output>
          </reporter-output>
        </test-method> <!-- mathod4 -->
        <test-method status="PASS" signature="mathod3()[pri:0, instance:Testng.ClassD@27c20538]" name="mathod3" duration-ms="4" started-at="2021-03-23T15:09:50Z" finished-at="2021-03-23T15:09:50Z">
          <reporter-output>
          </reporter-output>
        </test-method> <!-- mathod3 -->
        <test-method status="PASS" signature="mathod4()[pri:0, instance:Testng.ClassD@27c20538]" name="mathod4" is-config="true" duration-ms="2" started-at="2021-03-23T15:09:50Z" finished-at="2021-03-23T15:09:50Z">
          <reporter-output>
          </reporter-output>
        </test-method> <!-- mathod4 -->
        <test-method status="PASS" signature="mathod5()[pri:0, instance:Testng.ClassD@27c20538]" name="mathod5" duration-ms="3" started-at="2021-03-23T15:09:50Z" finished-at="2021-03-23T15:09:50Z">
          <reporter-output>
          </reporter-output>
        </test-method> <!-- mathod5 -->
      </class> <!-- Testng.ClassD -->
      <class name="Testng.ClassT">
        <test-method status="PASS" signature="mathod4()[pri:0, instance:Testng.ClassT@72d818d1]" name="mathod4" is-config="true" duration-ms="1" started-at="2021-03-23T15:09:50Z" finished-at="2021-03-23T15:09:50Z">
          <reporter-output>
          </reporter-output>
        </test-method> <!-- mathod4 -->
        <test-method status="PASS" signature="mathod2()[pri:0, instance:Testng.ClassT@72d818d1]" name="mathod2" is-config="true" duration-ms="0" started-at="2021-03-23T15:09:50Z" finished-at="2021-03-23T15:09:50Z">
          <reporter-output>
          </reporter-output>
        </test-method> <!-- mathod2 -->
        <test-method status="PASS" signature="mathod3()[pri:0, instance:Testng.ClassT@72d818d1]" name="mathod3" duration-ms="2" started-at="2021-03-23T15:09:50Z" finished-at="2021-03-23T15:09:50Z">
          <reporter-output>
          </reporter-output>
        </test-method> <!-- mathod3 -->
        <test-method status="PASS" signature="mathod4()[pri:0, instance:Testng.ClassT@72d818d1]" name="mathod4" is-config="true" duration-ms="0" started-at="2021-03-23T15:09:50Z" finished-at="2021-03-23T15:09:50Z">
          <reporter-output>
          </reporter-output>
        </test-method> <!-- mathod4 -->
        <test-method status="PASS" signature="mathod5()[pri:0, instance:Testng.ClassT@72d818d1]" name="mathod5" duration-ms="2" started-at="2021-03-23T15:09:50Z" finished-at="2021-03-23T15:09:50Z">
          <reporter-output>
          </reporter-output>
        </test-method> <!-- mathod5 -->
      </class> <!-- Testng.ClassT -->
      <class name="Testng.ClassB">
        <test-method status="PASS" signature="mathod2()[pri:0, instance:Testng.ClassB@59494225]" name="mathod2" is-config="true" duration-ms="0" started-at="2021-03-23T15:09:50Z" finished-at="2021-03-23T15:09:50Z">
          <reporter-output>
          </reporter-output>
        </test-method> <!-- mathod2 -->
        <test-method status="PASS" signature="mathod3()[pri:0, instance:Testng.ClassB@59494225]" name="mathod3" duration-ms="10" started-at="2021-03-23T15:09:50Z" finished-at="2021-03-23T15:09:50Z">
          <reporter-output>
          </reporter-output>
        </test-method> <!-- mathod3 -->
        <test-method status="PASS" signature="mathod9()[pri:0, instance:Testng.ClassB@59494225]" name="mathod9" duration-ms="7" started-at="2021-03-23T15:09:50Z" finished-at="2021-03-23T15:09:50Z">
          <reporter-output>
          </reporter-output>
        </test-method> <!-- mathod9 -->
        <test-method status="PASS" signature="mathod5()[pri:0, instance:Testng.ClassB@59494225]" name="mathod5" duration-ms="2" started-at="2021-03-23T15:09:50Z" finished-at="2021-03-23T15:09:50Z">
          <reporter-output>
          </reporter-output>
        </test-method> <!-- mathod5 -->
        <test-method status="PASS" signature="mathod6()[pri:0, instance:Testng.ClassB@59494225]" name="mathod6" duration-ms="4" started-at="2021-03-23T15:09:50Z" finished-at="2021-03-23T15:09:50Z">
          <reporter-output>
          </reporter-output>
        </test-method> <!-- mathod6 -->
        <test-method status="PASS" signature="mathod7()[pri:0, instance:Testng.ClassB@59494225]" name="mathod7" duration-ms="3" started-at="2021-03-23T15:09:50Z" finished-at="2021-03-23T15:09:50Z">
          <reporter-output>
          </reporter-output>
        </test-method> <!-- mathod7 -->
      </class> <!-- Testng.ClassB -->
      <class name="Testng.ClassA">
        <test-method status="PASS" signature="mathod1()[pri:0, instance:Testng.ClassA@6e06451e]" name="mathod1" is-config="true" duration-ms="13" started-at="2021-03-23T15:09:50Z" finished-at="2021-03-23T15:09:50Z">
          <reporter-output>
          </reporter-output>
        </test-method> <!-- mathod1 -->
        <test-method status="PASS" signature="mathod1()[pri:0, instance:Testng.ClassB@59494225]" name="mathod1" is-config="true" duration-ms="1" started-at="2021-03-23T15:09:50Z" finished-at="2021-03-23T15:09:50Z">
          <reporter-output>
          </reporter-output>
        </test-method> <!-- mathod1 -->
        <test-method status="PASS" signature="mathod4()[pri:0, instance:Testng.ClassB@59494225]" name="mathod4" is-config="true" duration-ms="1" started-at="2021-03-23T15:09:50Z" finished-at="2021-03-23T15:09:50Z">
          <reporter-output>
          </reporter-output>
        </test-method> <!-- mathod4 -->
        <test-method status="PASS" signature="mathod4()[pri:0, instance:Testng.ClassA@6e06451e]" name="mathod4" is-config="true" duration-ms="0" started-at="2021-03-23T15:09:50Z" finished-at="2021-03-23T15:09:50Z">
          <reporter-output>
          </reporter-output>
        </test-method> <!-- mathod4 -->
        <test-method status="PASS" signature="mathod1()[pri:0, instance:Testng.ClassD@27c20538]" name="mathod1" is-config="true" duration-ms="1" started-at="2021-03-23T15:09:50Z" finished-at="2021-03-23T15:09:50Z">
          <reporter-output>
          </reporter-output>
        </test-method> <!-- mathod1 -->
        <test-method status="PASS" signature="mathod1()[pri:0, instance:Testng.ClassE@4cf777e8]" name="mathod1" is-config="true" duration-ms="1" started-at="2021-03-23T15:09:50Z" finished-at="2021-03-23T15:09:50Z">
          <reporter-output>
          </reporter-output>
        </test-method> <!-- mathod1 -->
        <test-method status="PASS" signature="mathod1()[pri:0, instance:Testng.ClassT@72d818d1]" name="mathod1" is-config="true" duration-ms="0" started-at="2021-03-23T15:09:50Z" finished-at="2021-03-23T15:09:50Z">
          <reporter-output>
          </reporter-output>
        </test-method> <!-- mathod1 -->
        <test-method status="PASS" signature="mathod2()[pri:0, instance:Testng.ClassA@6e06451e]" name="mathod2" is-config="true" duration-ms="1" started-at="2021-03-23T15:09:50Z" finished-at="2021-03-23T15:09:50Z">
          <reporter-output>
          </reporter-output>
        </test-method> <!-- mathod2 -->
        <test-method status="PASS" signature="mathod8()[pri:0, instance:Testng.ClassA@6e06451e]" name="mathod8" is-config="true" duration-ms="0" started-at="2021-03-23T15:09:50Z" finished-at="2021-03-23T15:09:50Z">
          <reporter-output>
          </reporter-output>
        </test-method> <!-- mathod8 -->
        <test-method status="PASS" signature="mathod3()[pri:0, instance:Testng.ClassA@6e06451e]" name="mathod3" duration-ms="11" started-at="2021-03-23T15:09:50Z" finished-at="2021-03-23T15:09:50Z">
          <reporter-output>
          </reporter-output>
        </test-method> <!-- mathod3 -->
        <test-method status="PASS" signature="mathod9()[pri:0, instance:Testng.ClassA@6e06451e]" name="mathod9" duration-ms="5" started-at="2021-03-23T15:09:50Z" finished-at="2021-03-23T15:09:50Z">
          <reporter-output>
          </reporter-output>
        </test-method> <!-- mathod9 -->
        <test-method status="PASS" signature="mathod8()[pri:0, instance:Testng.ClassA@6e06451e]" name="mathod8" is-config="true" duration-ms="0" started-at="2021-03-23T15:09:50Z" finished-at="2021-03-23T15:09:50Z">
          <reporter-output>
          </reporter-output>
        </test-method> <!-- mathod8 -->
        <test-method status="PASS" signature="mathod5()[pri:0, instance:Testng.ClassA@6e06451e]" name="mathod5" duration-ms="4" started-at="2021-03-23T15:09:50Z" finished-at="2021-03-23T15:09:50Z">
          <reporter-output>
          </reporter-output>
        </test-method> <!-- mathod5 -->
        <test-method status="PASS" signature="mathod8()[pri:0, instance:Testng.ClassA@6e06451e]" name="mathod8" is-config="true" duration-ms="0" started-at="2021-03-23T15:09:50Z" finished-at="2021-03-23T15:09:50Z">
          <reporter-output>
          </reporter-output>
        </test-method> <!-- mathod8 -->
        <test-method status="PASS" signature="mathod8()[pri:0, instance:Testng.ClassA@6e06451e]" name="mathod8" is-config="true" duration-ms="0" started-at="2021-03-23T15:09:50Z" finished-at="2021-03-23T15:09:50Z">
          <reporter-output>
          </reporter-output>
        </test-method> <!-- mathod8 -->
        <test-method status="PASS" signature="mathod6()[pri:0, instance:Testng.ClassA@6e06451e]" name="mathod6" duration-ms="2" started-at="2021-03-23T15:09:50Z" finished-at="2021-03-23T15:09:50Z">
          <reporter-output>
          </reporter-output>
        </test-method> <!-- mathod6 -->
        <test-method status="PASS" signature="mathod8()[pri:0, instance:Testng.ClassA@6e06451e]" name="mathod8" is-config="true" duration-ms="1" started-at="2021-03-23T15:09:50Z" finished-at="2021-03-23T15:09:50Z">
          <reporter-output>
          </reporter-output>
        </test-method> <!-- mathod8 -->
        <test-method status="PASS" signature="mathod7()[pri:0, instance:Testng.ClassA@6e06451e]" name="mathod7" duration-ms="5" started-at="2021-03-23T15:09:50Z" finished-at="2021-03-23T15:09:50Z">
          <reporter-output>
          </reporter-output>
        </test-method> <!-- mathod7 -->
      </class> <!-- Testng.ClassA -->
      <class name="Testng.ClassE">
        <test-method status="PASS" signature="mathod2()[pri:0, instance:Testng.ClassE@4cf777e8]" name="mathod2" is-config="true" duration-ms="0" started-at="2021-03-23T15:09:50Z" finished-at="2021-03-23T15:09:50Z">
          <reporter-output>
          </reporter-output>
        </test-method> <!-- mathod2 -->
        <test-method status="PASS" signature="mathod4()[pri:0, instance:Testng.ClassE@4cf777e8]" name="mathod4" is-config="true" duration-ms="2" started-at="2021-03-23T15:09:50Z" finished-at="2021-03-23T15:09:50Z">
          <reporter-output>
          </reporter-output>
        </test-method> <!-- mathod4 -->
        <test-method status="PASS" signature="mathod3()[pri:0, instance:Testng.ClassE@4cf777e8]" name="mathod3" duration-ms="4" started-at="2021-03-23T15:09:50Z" finished-at="2021-03-23T15:09:50Z">
          <reporter-output>
          </reporter-output>
        </test-method> <!-- mathod3 -->
        <test-method status="PASS" signature="mathod4()[pri:0, instance:Testng.ClassE@4cf777e8]" name="mathod4" is-config="true" duration-ms="7" started-at="2021-03-23T15:09:50Z" finished-at="2021-03-23T15:09:50Z">
          <reporter-output>
          </reporter-output>
        </test-method> <!-- mathod4 -->
        <test-method status="PASS" signature="mathod5()[pri:0, instance:Testng.ClassE@4cf777e8]" name="mathod5" duration-ms="4" started-at="2021-03-23T15:09:50Z" finished-at="2021-03-23T15:09:50Z">
          <reporter-output>
          </reporter-output>
        </test-method> <!-- mathod5 -->
      </class> <!-- Testng.ClassE -->
    </test> <!-- Test -->
  </suite> <!-- Suite -->
</testng-results>
